02-28-2017 @ 16:43:34 - Queuing 2.5.0 - wc_update_250_currency
02-28-2017 @ 16:43:34 - Queuing 2.5.0 - wc_update_250_db_version
02-28-2017 @ 16:43:34 - Queuing 2.6.0 - wc_update_260_options
02-28-2017 @ 16:43:34 - Queuing 2.6.0 - wc_update_260_termmeta
02-28-2017 @ 16:43:34 - Queuing 2.6.0 - wc_update_260_zones
02-28-2017 @ 16:43:34 - Queuing 2.6.0 - wc_update_260_zone_methods
02-28-2017 @ 16:43:34 - Queuing 2.6.0 - wc_update_260_refunds
02-28-2017 @ 16:43:34 - Queuing 2.6.0 - wc_update_260_db_version
02-28-2017 @ 16:43:35 - Running wc_update_250_currency callback
02-28-2017 @ 16:43:35 - Finished wc_update_250_currency callback
02-28-2017 @ 16:43:35 - Running wc_update_250_db_version callback
02-28-2017 @ 16:43:35 - Finished wc_update_250_db_version callback
02-28-2017 @ 16:43:35 - Running wc_update_260_options callback
02-28-2017 @ 16:43:35 - Finished wc_update_260_options callback
02-28-2017 @ 16:43:35 - Running wc_update_260_termmeta callback
02-28-2017 @ 16:43:35 - Finished wc_update_260_termmeta callback
02-28-2017 @ 16:43:35 - Running wc_update_260_zones callback
02-28-2017 @ 16:43:35 - Finished wc_update_260_zones callback
02-28-2017 @ 16:43:35 - Running wc_update_260_zone_methods callback
02-28-2017 @ 16:43:35 - Finished wc_update_260_zone_methods callback
02-28-2017 @ 16:43:35 - Running wc_update_260_refunds callback
02-28-2017 @ 16:43:35 - Finished wc_update_260_refunds callback
02-28-2017 @ 16:43:35 - Running wc_update_260_db_version callback
02-28-2017 @ 16:43:35 - Finished wc_update_260_db_version callback
02-28-2017 @ 16:43:35 - Data update complete
